{"numFailedTestSuites":1,"numFailedTests":3,"numPassedTestSuites":0,"numPassedTests":2,"numPendingTestSuites":0,"numPendingTests":0,"numRuntimeErrorTestSuites":0,"numTodoTests":0,"numTotalTestSuites":1,"numTotalTests":5,"openHandles":[],"snapshot":{"added":0,"didUpdate":false,"failure":false,"filesAdded":0,"filesRemoved":0,"filesRemovedList":[],"filesUnmatched":0,"filesUpdated":0,"matched":0,"total":0,"unchecked":0,"uncheckedKeysByFile":[],"unmatched":0,"updated":0},"startTime":1771744700889,"success":false,"testResults":[{"assertionResults":[{"ancestorTitles":["FIB-4 Calculator"],"duration":6,"failureDetails":[{}],"failureMessages":["Error: \u001b[2mexpect(\u001b[22m\u001b[31mreceived\u001b[39m\u001b[2m).\u001b[22mtoContain\u001b[2m(\u001b[22m\u001b[32mexpected\u001b[39m\u001b[2m) // indexOf\u001b[22m\n\n\u001b[1mMatcher error\u001b[22m: \u001b[31mreceived\u001b[39m value must not be null nor undefined\n\nReceived has value: \u001b[31mundefined\u001b[39m\n    at Object.<anonymous> (D:\\CGHCALC\\MEDCALCEHR\\src\\__tests__\\calculators\\fib-4.test.ts:16:42)\n    at Promise.then.completed (D:\\CGHCALC\\MEDCALCEHR\\node_modules\\jest-circus\\build\\utils.js:298:28)\n    at new Promise (<anonymous>)\n    at callAsyncCircusFn (D:\\CGHCALC\\MEDCALCEHR\\node_modules\\jest-circus\\build\\utils.js:231:10)\n    at _callCircusTest (D:\\CGHCALC\\MEDCALCEHR\\node_modules\\jest-circus\\build\\run.js:316:40)\n    at _runTest (D:\\CGHCALC\\MEDCALCEHR\\node_modules\\jest-circus\\build\\run.js:252:3)\n    at _runTestsForDescribeBlock (D:\\CGHCALC\\MEDCALCEHR\\node_modules\\jest-circus\\build\\run.js:126:9)\n    at _runTestsForDescribeBlock (D:\\CGHCALC\\MEDCALCEHR\\node_modules\\jest-circus\\build\\run.js:121:9)\n    at run (D:\\CGHCALC\\MEDCALCEHR\\node_modules\\jest-circus\\build\\run.js:71:3)\n    at runAndTransformResultsToJestFormat (D:\\CGHCALC\\MEDCALCEHR\\node_modules\\jest-circus\\build\\legacy-code-todo-rewrite\\jestAdapterInit.js:122:21)\n    at jestAdapter (D:\\CGHCALC\\MEDCALCEHR\\node_modules\\jest-circus\\build\\legacy-code-todo-rewrite\\jestAdapter.js:79:19)\n    at runTestInternal (D:\\CGHCALC\\MEDCALCEHR\\node_modules\\jest-runner\\build\\runTest.js:367:16)\n    at runTest (D:\\CGHCALC\\MEDCALCEHR\\node_modules\\jest-runner\\build\\runTest.js:444:34)"],"fullName":"FIB-4 Calculator Should calculate Low Risk correctly (< 1.3)","invocations":1,"location":null,"numPassingAsserts":2,"retryReasons":[],"status":"failed","title":"Should calculate Low Risk correctly (< 1.3)"},{"ancestorTitles":["FIB-4 Calculator"],"duration":2,"failureDetails":[{}],"failureMessages":["Error: \u001b[2mexpect(\u001b[22m\u001b[31mreceived\u001b[39m\u001b[2m).\u001b[22mtoContain\u001b[2m(\u001b[22m\u001b[32mexpected\u001b[39m\u001b[2m) // indexOf\u001b[22m\n\n\u001b[1mMatcher error\u001b[22m: \u001b[31mreceived\u001b[39m value must not be null nor undefined\n\nReceived has value: \u001b[31mundefined\u001b[39m\n    at Object.<anonymous> (D:\\CGHCALC\\MEDCALCEHR\\src\\__tests__\\calculators\\fib-4.test.ts:33:42)\n    at Promise.then.completed (D:\\CGHCALC\\MEDCALCEHR\\node_modules\\jest-circus\\build\\utils.js:298:28)\n    at new Promise (<anonymous>)\n    at callAsyncCircusFn (D:\\CGHCALC\\MEDCALCEHR\\node_modules\\jest-circus\\build\\utils.js:231:10)\n    at _callCircusTest (D:\\CGHCALC\\MEDCALCEHR\\node_modules\\jest-circus\\build\\run.js:316:40)\n    at _runTest (D:\\CGHCALC\\MEDCALCEHR\\node_modules\\jest-circus\\build\\run.js:252:3)\n    at _runTestsForDescribeBlock (D:\\CGHCALC\\MEDCALCEHR\\node_modules\\jest-circus\\build\\run.js:126:9)\n    at _runTestsForDescribeBlock (D:\\CGHCALC\\MEDCALCEHR\\node_modules\\jest-circus\\build\\run.js:121:9)\n    at run (D:\\CGHCALC\\MEDCALCEHR\\node_modules\\jest-circus\\build\\run.js:71:3)\n    at runAndTransformResultsToJestFormat (D:\\CGHCALC\\MEDCALCEHR\\node_modules\\jest-circus\\build\\legacy-code-todo-rewrite\\jestAdapterInit.js:122:21)\n    at jestAdapter (D:\\CGHCALC\\MEDCALCEHR\\node_modules\\jest-circus\\build\\legacy-code-todo-rewrite\\jestAdapter.js:79:19)\n    at runTestInternal (D:\\CGHCALC\\MEDCALCEHR\\node_modules\\jest-runner\\build\\runTest.js:367:16)\n    at runTest (D:\\CGHCALC\\MEDCALCEHR\\node_modules\\jest-runner\\build\\runTest.js:444:34)"],"fullName":"FIB-4 Calculator Should calculate High Risk correctly (> 2.67)","invocations":1,"location":null,"numPassingAsserts":2,"retryReasons":[],"status":"failed","title":"Should calculate High Risk correctly (> 2.67)"},{"ancestorTitles":["FIB-4 Calculator"],"duration":2,"failureDetails":[{}],"failureMessages":["Error: \u001b[2mexpect(\u001b[22m\u001b[31mreceived\u001b[39m\u001b[2m).\u001b[22mtoContain\u001b[2m(\u001b[22m\u001b[32mexpected\u001b[39m\u001b[2m) // indexOf\u001b[22m\n\n\u001b[1mMatcher error\u001b[22m: \u001b[31mreceived\u001b[39m value must not be null nor undefined\n\nReceived has value: \u001b[31mundefined\u001b[39m\n    at Object.<anonymous> (D:\\CGHCALC\\MEDCALCEHR\\src\\__tests__\\calculators\\fib-4.test.ts:49:42)\n    at Promise.then.completed (D:\\CGHCALC\\MEDCALCEHR\\node_modules\\jest-circus\\build\\utils.js:298:28)\n    at new Promise (<anonymous>)\n    at callAsyncCircusFn (D:\\CGHCALC\\MEDCALCEHR\\node_modules\\jest-circus\\build\\utils.js:231:10)\n    at _callCircusTest (D:\\CGHCALC\\MEDCALCEHR\\node_modules\\jest-circus\\build\\run.js:316:40)\n    at _runTest (D:\\CGHCALC\\MEDCALCEHR\\node_modules\\jest-circus\\build\\run.js:252:3)\n    at _runTestsForDescribeBlock (D:\\CGHCALC\\MEDCALCEHR\\node_modules\\jest-circus\\build\\run.js:126:9)\n    at _runTestsForDescribeBlock (D:\\CGHCALC\\MEDCALCEHR\\node_modules\\jest-circus\\build\\run.js:121:9)\n    at run (D:\\CGHCALC\\MEDCALCEHR\\node_modules\\jest-circus\\build\\run.js:71:3)\n    at runAndTransformResultsToJestFormat (D:\\CGHCALC\\MEDCALCEHR\\node_modules\\jest-circus\\build\\legacy-code-todo-rewrite\\jestAdapterInit.js:122:21)\n    at jestAdapter (D:\\CGHCALC\\MEDCALCEHR\\node_modules\\jest-circus\\build\\legacy-code-todo-rewrite\\jestAdapter.js:79:19)\n    at runTestInternal (D:\\CGHCALC\\MEDCALCEHR\\node_modules\\jest-runner\\build\\runTest.js:367:16)\n    at runTest (D:\\CGHCALC\\MEDCALCEHR\\node_modules\\jest-runner\\build\\runTest.js:444:34)"],"fullName":"FIB-4 Calculator Should calculate Indeterminate Risk correctly (1.3 - 2.67)","invocations":1,"location":null,"numPassingAsserts":2,"retryReasons":[],"status":"failed","title":"Should calculate Indeterminate Risk correctly (1.3 - 2.67)"},{"ancestorTitles":["FIB-4 Calculator"],"duration":1,"failureDetails":[],"failureMessages":[],"fullName":"FIB-4 Calculator Should return empty for invalid or missing inputs","invocations":1,"location":null,"numPassingAsserts":1,"retryReasons":[],"status":"passed","title":"Should return empty for invalid or missing inputs"},{"ancestorTitles":["FIB-4 Calculator"],"duration":1,"failureDetails":[],"failureMessages":[],"fullName":"FIB-4 Calculator Should handle zero platelets (division by zero)","invocations":1,"location":null,"numPassingAsserts":1,"retryReasons":[],"status":"passed","title":"Should handle zero platelets (division by zero)"}],"endTime":1771744706902,"message":"\u001b[1m\u001b[31m  \u001b[1m● \u001b[22m\u001b[1mFIB-4 Calculator › Should calculate Low Risk correctly (< 1.3)\u001b[39m\u001b[22m\n\n    \u001b[2mexpect(\u001b[22m\u001b[31mreceived\u001b[39m\u001b[2m).\u001b[22mtoContain\u001b[2m(\u001b[22m\u001b[32mexpected\u001b[39m\u001b[2m) // indexOf\u001b[22m\n\n    \u001b[1mMatcher error\u001b[22m: \u001b[31mreceived\u001b[39m value must not be null nor undefined\n\n    Received has value: \u001b[31mundefined\u001b[39m\n\u001b[2m\u001b[22m\n\u001b[2m    \u001b[0m \u001b[90m 14 |\u001b[39m         expect(result)\u001b[33m.\u001b[39mtoHaveLength(\u001b[35m1\u001b[39m)\u001b[33m;\u001b[39m\u001b[22m\n\u001b[2m     \u001b[90m 15 |\u001b[39m         expect(result[\u001b[35m0\u001b[39m]\u001b[33m.\u001b[39mvalue)\u001b[33m.\u001b[39mtoBe(\u001b[35m0.47\u001b[39m)\u001b[33m;\u001b[39m\u001b[22m\n\u001b[2m    \u001b[31m\u001b[1m>\u001b[22m\u001b[2m\u001b[39m\u001b[90m 16 |\u001b[39m         expect(result[\u001b[35m0\u001b[39m]\u001b[33m.\u001b[39minterpretation)\u001b[33m.\u001b[39mtoContain(\u001b[32m'Low Risk'\u001b[39m)\u001b[33m;\u001b[39m\u001b[22m\n\u001b[2m     \u001b[90m    |\u001b[39m                                          \u001b[31m\u001b[1m^\u001b[22m\u001b[2m\u001b[39m\u001b[22m\n\u001b[2m     \u001b[90m 17 |\u001b[39m         expect(result[\u001b[35m0\u001b[39m]\u001b[33m.\u001b[39malertClass)\u001b[33m.\u001b[39mtoBe(\u001b[32m'success'\u001b[39m)\u001b[33m;\u001b[39m\u001b[22m\n\u001b[2m     \u001b[90m 18 |\u001b[39m     })\u001b[33m;\u001b[39m\u001b[22m\n\u001b[2m     \u001b[90m 19 |\u001b[39m\u001b[0m\u001b[22m\n\u001b[2m\u001b[22m\n\u001b[2m      \u001b[2mat Object.<anonymous> (\u001b[22m\u001b[2m\u001b[0m\u001b[36msrc/__tests__/calculators/fib-4.test.ts\u001b[39m\u001b[0m\u001b[2m:16:42)\u001b[22m\u001b[2m\u001b[22m\n\n\u001b[1m\u001b[31m  \u001b[1m● \u001b[22m\u001b[1mFIB-4 Calculator › Should calculate High Risk correctly (> 2.67)\u001b[39m\u001b[22m\n\n    \u001b[2mexpect(\u001b[22m\u001b[31mreceived\u001b[39m\u001b[2m).\u001b[22mtoContain\u001b[2m(\u001b[22m\u001b[32mexpected\u001b[39m\u001b[2m) // indexOf\u001b[22m\n\n    \u001b[1mMatcher error\u001b[22m: \u001b[31mreceived\u001b[39m value must not be null nor undefined\n\n    Received has value: \u001b[31mundefined\u001b[39m\n\u001b[2m\u001b[22m\n\u001b[2m    \u001b[0m \u001b[90m 31 |\u001b[39m         expect(result)\u001b[33m.\u001b[39mtoHaveLength(\u001b[35m1\u001b[39m)\u001b[33m;\u001b[39m\u001b[22m\n\u001b[2m     \u001b[90m 32 |\u001b[39m         expect(result[\u001b[35m0\u001b[39m]\u001b[33m.\u001b[39mvalue)\u001b[33m.\u001b[39mtoBe(\u001b[35m7.59\u001b[39m)\u001b[33m;\u001b[39m\u001b[22m\n\u001b[2m    \u001b[31m\u001b[1m>\u001b[22m\u001b[2m\u001b[39m\u001b[90m 33 |\u001b[39m         expect(result[\u001b[35m0\u001b[39m]\u001b[33m.\u001b[39minterpretation)\u001b[33m.\u001b[39mtoContain(\u001b[32m'High Risk'\u001b[39m)\u001b[33m;\u001b[39m\u001b[22m\n\u001b[2m     \u001b[90m    |\u001b[39m                                          \u001b[31m\u001b[1m^\u001b[22m\u001b[2m\u001b[39m\u001b[22m\n\u001b[2m     \u001b[90m 34 |\u001b[39m         expect(result[\u001b[35m0\u001b[39m]\u001b[33m.\u001b[39malertClass)\u001b[33m.\u001b[39mtoBe(\u001b[32m'danger'\u001b[39m)\u001b[33m;\u001b[39m\u001b[22m\n\u001b[2m     \u001b[90m 35 |\u001b[39m     })\u001b[33m;\u001b[39m\u001b[22m\n\u001b[2m     \u001b[90m 36 |\u001b[39m\u001b[0m\u001b[22m\n\u001b[2m\u001b[22m\n\u001b[2m      \u001b[2mat Object.<anonymous> (\u001b[22m\u001b[2m\u001b[0m\u001b[36msrc/__tests__/calculators/fib-4.test.ts\u001b[39m\u001b[0m\u001b[2m:33:42)\u001b[22m\u001b[2m\u001b[22m\n\n\u001b[1m\u001b[31m  \u001b[1m● \u001b[22m\u001b[1mFIB-4 Calculator › Should calculate Indeterminate Risk correctly (1.3 - 2.67)\u001b[39m\u001b[22m\n\n    \u001b[2mexpect(\u001b[22m\u001b[31mreceived\u001b[39m\u001b[2m).\u001b[22mtoContain\u001b[2m(\u001b[22m\u001b[32mexpected\u001b[39m\u001b[2m) // indexOf\u001b[22m\n\n    \u001b[1mMatcher error\u001b[22m: \u001b[31mreceived\u001b[39m value must not be null nor undefined\n\n    Received has value: \u001b[31mundefined\u001b[39m\n\u001b[2m\u001b[22m\n\u001b[2m    \u001b[0m \u001b[90m 47 |\u001b[39m         expect(result)\u001b[33m.\u001b[39mtoHaveLength(\u001b[35m1\u001b[39m)\u001b[33m;\u001b[39m\u001b[22m\n\u001b[2m     \u001b[90m 48 |\u001b[39m         expect(result[\u001b[35m0\u001b[39m]\u001b[33m.\u001b[39mvalue)\u001b[33m.\u001b[39mtoBe(\u001b[35m1.58\u001b[39m)\u001b[33m;\u001b[39m\u001b[22m\n\u001b[2m    \u001b[31m\u001b[1m>\u001b[22m\u001b[2m\u001b[39m\u001b[90m 49 |\u001b[39m         expect(result[\u001b[35m0\u001b[39m]\u001b[33m.\u001b[39minterpretation)\u001b[33m.\u001b[39mtoContain(\u001b[32m'Indeterminate Risk'\u001b[39m)\u001b[33m;\u001b[39m\u001b[22m\n\u001b[2m     \u001b[90m    |\u001b[39m                                          \u001b[31m\u001b[1m^\u001b[22m\u001b[2m\u001b[39m\u001b[22m\n\u001b[2m     \u001b[90m 50 |\u001b[39m         expect(result[\u001b[35m0\u001b[39m]\u001b[33m.\u001b[39malertClass)\u001b[33m.\u001b[39mtoBe(\u001b[32m'warning'\u001b[39m)\u001b[33m;\u001b[39m\u001b[22m\n\u001b[2m     \u001b[90m 51 |\u001b[39m     })\u001b[33m;\u001b[39m\u001b[22m\n\u001b[2m     \u001b[90m 52 |\u001b[39m\u001b[0m\u001b[22m\n\u001b[2m\u001b[22m\n\u001b[2m      \u001b[2mat Object.<anonymous> (\u001b[22m\u001b[2m\u001b[0m\u001b[36msrc/__tests__/calculators/fib-4.test.ts\u001b[39m\u001b[0m\u001b[2m:49:42)\u001b[22m\u001b[2m\u001b[22m\n","name":"D:\\CGHCALC\\MEDCALCEHR\\src\\__tests__\\calculators\\fib-4.test.ts","startTime":1771744703671,"status":"failed","summary":""}],"wasInterrupted":false}
